{
  "RSpec": {
    "coverage": {
      "/home/vincent/workspace/jdr-tools/sessions/decorators/session.rb": [
        1,
        1,
        1,
        null,
        1,
        19,
        null,
        null,
        1,
        null,
        null,
        null,
        null,
        null,
        null,
        null,
        null,
        null,
        null,
        null,
        19,
        null,
        null,
        null,
        null
      ],
      "/home/vincent/workspace/jdr-tools/sessions/controllers/sessions_controller.rb": [
        null,
        null,
        null,
        null,
        1,
        null,
        1,
        18,
        null,
        14,
        14,
        null,
        14,
        2,
        12,
        2,
        null,
        10,
        10,
        10,
        null,
        null,
        null,
        1,
        11,
        null,
        11,
        2,
        null,
        9,
        null,
        null,
        null
      ],
      "/home/vincent/workspace/jdr-tools/sessions/utils/seeder.rb": [
        1,
        null,
        null,
        1,
        1,
        null,
        null,
        null,
        1,
        14,
        null,
        14,
        6,
        null,
        null,
        14,
        10,
        null,
        null,
        14,
        null,
        null,
        null
      ]
    },
    "timestamp": 1514349707
  }
}
